0 info it worked if it ends with ok
1 verbose cli [ '/usr/bin/node', '/usr/bin/npm', 'install' ]
2 info using npm@1.4.28
3 info using node@v0.10.36
4 verbose node symlink /usr/bin/node
5 verbose readDependencies using package.json deps
6 verbose install where, deps [ '/home/ruairi/nodeProjects/divesit.es',
6 verbose install   [ 'body-parser',
6 verbose install     'cookie-parser',
6 verbose install     'debug',
6 verbose install     'ejs',
6 verbose install     'express',
6 verbose install     'mongoose',
6 verbose install     'morgan',
6 verbose install     'serve-favicon' ] ]
7 info preinstall divesit.es@0.0.0
8 verbose readDependencies using package.json deps
9 verbose already installed skipping debug@~2.1.1 /home/ruairi/nodeProjects/divesit.es
10 verbose already installed skipping ejs@~2.2.3 /home/ruairi/nodeProjects/divesit.es
11 verbose already installed skipping express@~4.11.1 /home/ruairi/nodeProjects/divesit.es
12 verbose already installed skipping mongoose@^3.8.23 /home/ruairi/nodeProjects/divesit.es
13 verbose already installed skipping morgan@~1.5.1 /home/ruairi/nodeProjects/divesit.es
14 verbose already installed skipping serve-favicon@~2.2.0 /home/ruairi/nodeProjects/divesit.es
15 verbose already installed skipping body-parser@~1.10.2 /home/ruairi/nodeProjects/divesit.es
16 verbose already installed skipping cookie-parser@~1.3.3 /home/ruairi/nodeProjects/divesit.es
17 silly resolved []
18 info build /home/ruairi/nodeProjects/divesit.es
19 verbose linkStuff [ false, false, false, '/home/ruairi/nodeProjects' ]
20 info linkStuff divesit.es@0.0.0
21 verbose linkBins divesit.es@0.0.0
22 verbose linkMans divesit.es@0.0.0
23 verbose rebuildBundles divesit.es@0.0.0
24 verbose rebuildBundles [ '.bin',
24 verbose rebuildBundles   'body-parser',
24 verbose rebuildBundles   'cookie-parser',
24 verbose rebuildBundles   'debug',
24 verbose rebuildBundles   'ejs',
24 verbose rebuildBundles   'express',
24 verbose rebuildBundles   'mongoose',
24 verbose rebuildBundles   'morgan',
24 verbose rebuildBundles   'nodemon',
24 verbose rebuildBundles   'serve-favicon' ]
25 verbose rebuild bundle /home/ruairi/nodeProjects/divesit.es/node_modules/nodemon
26 info build /home/ruairi/nodeProjects/divesit.es/node_modules/nodemon
27 info preinstall nodemon@1.3.7
28 verbose linkStuff [ false,
28 verbose linkStuff   false,
28 verbose linkStuff   false,
28 verbose linkStuff   '/home/ruairi/nodeProjects/divesit.es/node_modules' ]
29 info linkStuff nodemon@1.3.7
30 warn prefer global nodemon@1.3.7 should be installed with -g
31 verbose linkBins nodemon@1.3.7
32 verbose link bins [ { nodemon: './bin/nodemon.js' },
32 verbose link bins   '/home/ruairi/nodeProjects/divesit.es/node_modules/.bin',
32 verbose link bins   false ]
33 verbose linkMans nodemon@1.3.7
34 verbose rebuildBundles nodemon@1.3.7
35 verbose rebuildBundles [ 'minimatch', 'ps-tree', 'touch', 'update-notifier' ]
36 error Error: EACCES, unlink '/home/ruairi/nodeProjects/divesit.es/node_modules/.bin/nodemon'
36 error  { [Error: EACCES, unlink '/home/ruairi/nodeProjects/divesit.es/node_modules/.bin/nodemon']
36 error   errno: 3,
36 error   code: 'EACCES',
36 error   path: '/home/ruairi/nodeProjects/divesit.es/node_modules/.bin/nodemon' }
37 error Please try running this command again as root/Administrator.
38 error System Linux 3.13.0-45-generic
39 error command "/usr/bin/node" "/usr/bin/npm" "install"
40 error cwd /home/ruairi/nodeProjects/divesit.es
41 error node -v v0.10.36
42 error npm -v 1.4.28
43 error path /home/ruairi/nodeProjects/divesit.es/node_modules/.bin/nodemon
44 error code EACCES
45 error errno 3
46 error stack Error: EACCES, unlink '/home/ruairi/nodeProjects/divesit.es/node_modules/.bin/nodemon'
47 verbose exit [ 3, true ]
